[INFO] tello.py - 122 - Tello instance was initialized. Host: '192.168.10.1'. Port: '8889'.
[INFO] tello.py - 437 - Send command: 'command'
[INFO] tello.py - 461 - Response command: 'ok'
[INFO] tello.py - 437 - Send command: 'streamon'
[INFO] tello.py - 461 - Response streamon: 'ok'
[INFO] tello.py - 437 - Send command: 'streamoff'
[INFO] tello.py - 122 - Tello instance was initialized. Host: '192.168.10.1'. Port: '8889'.
[INFO] tello.py - 437 - Send command: 'command'
[INFO] tello.py - 461 - Response command: 'ok'
[INFO] tello.py - 437 - Send command: 'streamon'
[INFO] tello.py - 461 - Response streamon: 'ok'
[INFO] tello.py - 437 - Send command: 'takeoff'
[INFO] tello.py - 461 - Response takeoff: 'error'
[INFO] tello.py - 437 - Send command: 'takeoff'
[INFO] tello.py - 461 - Response takeoff: 'error'
[INFO] tello.py - 437 - Send command: 'takeoff'
[INFO] tello.py - 461 - Response takeoff: 'error'
[INFO] tello.py - 437 - Send command: 'land'
[INFO] tello.py - 461 - Response land: 'error'
[INFO] tello.py - 437 - Send command: 'land'
[INFO] tello.py - 461 - Response land: 'error'
[INFO] tello.py - 437 - Send command: 'land'
[INFO] tello.py - 461 - Response land: 'error'
[INFO] tello.py - 437 - Send command: 'streamoff'
[INFO] tello.py - 461 - Response streamoff: 'ok'
[INFO] tello.py - 122 - Tello instance was initialized. Host: '192.168.10.1'. Port: '8889'.
[INFO] tello.py - 437 - Send command: 'command'
[WARNING] tello.py - 447 - Aborting command 'command'. Did not receive a response after 7 seconds
[INFO] tello.py - 437 - Send command: 'command'
[WARNING] tello.py - 447 - Aborting command 'command'. Did not receive a response after 7 seconds
[INFO] tello.py - 437 - Send command: 'command'
[INFO] tello.py - 122 - Tello instance was initialized. Host: '192.168.10.1'. Port: '8889'.
[INFO] tello.py - 437 - Send command: 'command'
[INFO] tello.py - 461 - Response command: 'ok'
[INFO] tello.py - 437 - Send command: 'streamon'
[INFO] tello.py - 461 - Response streamon: 'ok'
[INFO] tello.py - 437 - Send command: 'takeoff'
[INFO] tello.py - 461 - Response takeoff: 'ok'
[INFO] tello.py - 437 - Send command: 'up 100'
[INFO] tello.py - 461 - Response up 100: 'ok'
[INFO] tello.py - 437 - Send command: 'command'
[INFO] tello.py - 461 - Response command: 'ok'
[INFO] tello.py - 437 - Send command: 'down 20'
[INFO] tello.py - 461 - Response down 20: 'ok'
[INFO] tello.py - 437 - Send command: 'command'
[INFO] tello.py - 461 - Response command: 'ok'
[INFO] tello.py - 437 - Send command: 'up 20'
[INFO] tello.py - 461 - Response up 20: 'ok'
[INFO] tello.py - 437 - Send command: 'flip l'
[INFO] tello.py - 461 - Response flip l: 'ok'
[INFO] tello.py - 437 - Send command: 'command'
[INFO] tello.py - 461 - Response command: 'ok'
[INFO] tello.py - 437 - Send command: 'flip r'
[INFO] tello.py - 461 - Response flip r: 'ok'
[INFO] tello.py - 437 - Send command: 'command'
[INFO] tello.py - 461 - Response command: 'ok'
[INFO] tello.py - 437 - Send command: 'flip l'
[INFO] tello.py - 461 - Response flip l: 'ok'
[INFO] tello.py - 437 - Send command: 'flip r'
[INFO] tello.py - 437 - Send command: 'command'
[INFO] tello.py - 461 - Response flip r: 'ok'
[INFO] tello.py - 461 - Response command: 'ok'
[INFO] tello.py - 437 - Send command: 'command'
[INFO] tello.py - 461 - Response command: 'ok'
[INFO] tello.py - 437 - Send command: 'land'
[INFO] tello.py - 437 - Send command: 'command'
[INFO] tello.py - 461 - Response command: 'ok'
[INFO] tello.py - 461 - Response land: 'ok'
[INFO] tello.py - 437 - Send command: 'streamoff'
[INFO] tello.py - 461 - Response streamoff: 'ok'
[INFO] tello.py - 122 - Tello instance was initialized. Host: '192.168.10.1'. Port: '8889'.
[INFO] tello.py - 437 - Send command: 'command'
[INFO] tello.py - 461 - Response command: 'ok'
[INFO] tello.py - 437 - Send command: 'streamon'
[INFO] tello.py - 461 - Response streamon: 'ok'
[INFO] tello.py - 437 - Send command: 'takeoff'
[INFO] tello.py - 461 - Response takeoff: 'ok'
[INFO] tello.py - 437 - Send command: 'up 100'
[INFO] tello.py - 461 - Response up 100: 'ok'
[INFO] tello.py - 437 - Send command: 'command'
[INFO] tello.py - 461 - Response command: 'ok'
[INFO] tello.py - 437 - Send command: 'down 20'
[INFO] tello.py - 461 - Response down 20: 'ok'
[INFO] tello.py - 437 - Send command: 'up 20'
[INFO] tello.py - 437 - Send command: 'command'
[INFO] tello.py - 461 - Response up 20: 'ok'
[INFO] tello.py - 461 - Response command: 'ok'
[INFO] tello.py - 437 - Send command: 'flip l'
[INFO] tello.py - 461 - Response flip l: 'ok'
[INFO] tello.py - 437 - Send command: 'command'
[INFO] tello.py - 461 - Response command: 'ok'
[INFO] tello.py - 437 - Send command: 'flip r'
[INFO] tello.py - 461 - Response flip r: 'ok'
[INFO] tello.py - 437 - Send command: 'command'
[INFO] tello.py - 461 - Response command: 'ok'
[INFO] tello.py - 437 - Send command: 'down 20'
[INFO] tello.py - 461 - Response down 20: 'ok'
[INFO] tello.py - 437 - Send command: 'command'
[INFO] tello.py - 461 - Response command: 'ok'
[INFO] tello.py - 437 - Send command: 'up 20'
[INFO] tello.py - 461 - Response up 20: 'ok'
[INFO] tello.py - 437 - Send command: 'command'
[INFO] tello.py - 461 - Response command: 'ok'
[INFO] tello.py - 437 - Send command: 'flip l'
[INFO] tello.py - 437 - Send command: 'land'
